<?xml version="1.0" encoding="UTF-8"?>
<testsuite xmlns:xsi="http://www.w3.org/2001/XMLSchema-instance" xsi:noNamespaceSchemaLocation="https://maven.apache.org/surefire/maven-surefire-plugin/xsd/surefire-test-report.xsd" name="edu.westga.cs3211.hi_low_game.test.view.guess_report_textifier.TestTextifyGuessReport" time="0" tests="4" errors="0" skipped="0" failures="0">
  <properties>
    <property name="java.specification.version" value="18"/>
    <property name="sun.jnu.encoding" value="UTF-8"/>
    <property name="java.class.path" value="/Users/gavincoppola/git/HiLowGame/Code/HiLowGame/target/test-classes:/Users/gavincoppola/git/HiLowGame/Code/HiLowGame/target/classes:/Users/gavincoppola/.m2/repository/org/openjfx/javafx-controls/15.0.1/javafx-controls-15.0.1.jar:/Users/gavincoppola/.m2/repository/org/openjfx/javafx-controls/15.0.1/javafx-controls-15.0.1-mac.jar:/Users/gavincoppola/.m2/repository/org/openjfx/javafx-graphics/15.0.1/javafx-graphics-15.0.1.jar:/Users/gavincoppola/.m2/repository/org/openjfx/javafx-graphics/15.0.1/javafx-graphics-15.0.1-mac.jar:/Users/gavincoppola/.m2/repository/org/openjfx/javafx-base/15.0.1/javafx-base-15.0.1.jar:/Users/gavincoppola/.m2/repository/org/openjfx/javafx-base/15.0.1/javafx-base-15.0.1-mac.jar:/Users/gavincoppola/.m2/repository/org/openjfx/javafx-fxml/15.0.1/javafx-fxml-15.0.1.jar:/Users/gavincoppola/.m2/repository/org/openjfx/javafx-fxml/15.0.1/javafx-fxml-15.0.1-mac.jar:/Users/gavincoppola/.m2/repository/org/junit/jupiter/junit-jupiter-api/5.5.1/junit-jupiter-api-5.5.1.jar:/Users/gavincoppola/.m2/repository/org/apiguardian/apiguardian-api/1.1.0/apiguardian-api-1.1.0.jar:/Users/gavincoppola/.m2/repository/org/opentest4j/opentest4j/1.2.0/opentest4j-1.2.0.jar:/Users/gavincoppola/.m2/repository/org/junit/platform/junit-platform-commons/1.5.1/junit-platform-commons-1.5.1.jar:/Users/gavincoppola/.m2/repository/org/junit/jupiter/junit-jupiter-engine/5.5.1/junit-jupiter-engine-5.5.1.jar:/Users/gavincoppola/.m2/repository/org/junit/platform/junit-platform-engine/1.5.1/junit-platform-engine-1.5.1.jar:"/>
    <property name="java.vm.vendor" value="Oracle Corporation"/>
    <property name="sun.arch.data.model" value="64"/>
    <property name="java.vendor.url" value="https://java.oracle.com/"/>
    <property name="os.name" value="Mac OS X"/>
    <property name="java.vm.specification.version" value="18"/>
    <property name="sun.java.launcher" value="SUN_STANDARD"/>
    <property name="user.country" value="US"/>
    <property name="sun.boot.library.path" value="/Library/Java/JavaVirtualMachines/jdk-18.0.2.jdk/Contents/Home/lib"/>
    <property name="sun.java.command" value="/Users/gavincoppola/git/HiLowGame/Code/HiLowGame/target/surefire/surefirebooter7059818954431230164.jar /Users/gavincoppola/git/HiLowGame/Code/HiLowGame/target/surefire 2022-11-10T13-20-09_903-jvmRun1 surefire7092299295220888218tmp surefire_08052527474514267428tmp"/>
    <property name="http.nonProxyHosts" value="local|*.local|169.254/16|*.169.254/16"/>
    <property name="jdk.debug" value="release"/>
    <property name="surefire.test.class.path" value="/Users/gavincoppola/git/HiLowGame/Code/HiLowGame/target/test-classes:/Users/gavincoppola/git/HiLowGame/Code/HiLowGame/target/classes:/Users/gavincoppola/.m2/repository/org/openjfx/javafx-controls/15.0.1/javafx-controls-15.0.1.jar:/Users/gavincoppola/.m2/repository/org/openjfx/javafx-controls/15.0.1/javafx-controls-15.0.1-mac.jar:/Users/gavincoppola/.m2/repository/org/openjfx/javafx-graphics/15.0.1/javafx-graphics-15.0.1.jar:/Users/gavincoppola/.m2/repository/org/openjfx/javafx-graphics/15.0.1/javafx-graphics-15.0.1-mac.jar:/Users/gavincoppola/.m2/repository/org/openjfx/javafx-base/15.0.1/javafx-base-15.0.1.jar:/Users/gavincoppola/.m2/repository/org/openjfx/javafx-base/15.0.1/javafx-base-15.0.1-mac.jar:/Users/gavincoppola/.m2/repository/org/openjfx/javafx-fxml/15.0.1/javafx-fxml-15.0.1.jar:/Users/gavincoppola/.m2/repository/org/openjfx/javafx-fxml/15.0.1/javafx-fxml-15.0.1-mac.jar:/Users/gavincoppola/.m2/repository/org/junit/jupiter/junit-jupiter-api/5.5.1/junit-jupiter-api-5.5.1.jar:/Users/gavincoppola/.m2/repository/org/apiguardian/apiguardian-api/1.1.0/apiguardian-api-1.1.0.jar:/Users/gavincoppola/.m2/repository/org/opentest4j/opentest4j/1.2.0/opentest4j-1.2.0.jar:/Users/gavincoppola/.m2/repository/org/junit/platform/junit-platform-commons/1.5.1/junit-platform-commons-1.5.1.jar:/Users/gavincoppola/.m2/repository/org/junit/jupiter/junit-jupiter-engine/5.5.1/junit-jupiter-engine-5.5.1.jar:/Users/gavincoppola/.m2/repository/org/junit/platform/junit-platform-engine/1.5.1/junit-platform-engine-1.5.1.jar:"/>
    <property name="sun.cpu.endian" value="little"/>
    <property name="user.home" value="/Users/gavincoppola"/>
    <property name="user.language" value="en"/>
    <property name="java.specification.vendor" value="Oracle Corporation"/>
    <property name="java.version.date" value="2022-07-19"/>
    <property name="java.home" value="/Library/Java/JavaVirtualMachines/jdk-18.0.2.jdk/Contents/Home"/>
    <property name="file.separator" value="/"/>
    <property name="basedir" value="/Users/gavincoppola/git/HiLowGame/Code/HiLowGame"/>
    <property name="java.vm.compressedOopsMode" value="Zero based"/>
    <property name="line.separator" value="&#10;"/>
    <property name="java.specification.name" value="Java Platform API Specification"/>
    <property name="java.vm.specification.vendor" value="Oracle Corporation"/>
    <property name="apple.awt.application.name" value="ForkedBooter"/>
    <property name="surefire.real.class.path" value="/Users/gavincoppola/git/HiLowGame/Code/HiLowGame/target/surefire/surefirebooter7059818954431230164.jar"/>
    <property name="sun.management.compiler" value="HotSpot 64-Bit Tiered Compilers"/>
    <property name="ftp.nonProxyHosts" value="local|*.local|169.254/16|*.169.254/16"/>
    <property name="java.runtime.version" value="18.0.2+9-61"/>
    <property name="user.name" value="gavincoppola"/>
    <property name="path.separator" value=":"/>
    <property name="os.version" value="12.6"/>
    <property name="java.runtime.name" value="Java(TM) SE Runtime Environment"/>
    <property name="file.encoding" value="UTF-8"/>
    <property name="java.vm.name" value="Java HotSpot(TM) 64-Bit Server VM"/>
    <property name="localRepository" value="/Users/gavincoppola/.m2/repository"/>
    <property name="java.vendor.url.bug" value="https://bugreport.java.com/bugreport/"/>
    <property name="java.io.tmpdir" value="/var/folders/bw/gbn82j1x7hb9v6d927lcbvpm0000gn/T/"/>
    <property name="java.version" value="18.0.2"/>
    <property name="user.dir" value="/Users/gavincoppola/git/HiLowGame/Code/HiLowGame"/>
    <property name="os.arch" value="aarch64"/>
    <property name="java.vm.specification.name" value="Java Virtual Machine Specification"/>
    <property name="native.encoding" value="UTF-8"/>
    <property name="java.library.path" value="/Users/gavincoppola/Library/Java/Extensions:/Library/Java/Extensions:/Network/Library/Java/Extensions:/System/Library/Java/Extensions:/usr/lib/java:."/>
    <property name="java.vm.info" value="mixed mode, sharing"/>
    <property name="java.vendor" value="Oracle Corporation"/>
    <property name="java.vm.version" value="18.0.2+9-61"/>
    <property name="sun.io.unicode.encoding" value="UnicodeBig"/>
    <property name="socksNonProxyHosts" value="local|*.local|169.254/16|*.169.254/16"/>
    <property name="java.class.version" value="62.0"/>
  </properties>
  <testcase name="testTextifyTooHigh" classname="edu.westga.cs3211.hi_low_game.test.view.guess_report_textifier.TestTextifyGuessReport" time="0"/>
  <testcase name="testTextifyTooLow" classname="edu.westga.cs3211.hi_low_game.test.view.guess_report_textifier.TestTextifyGuessReport" time="0"/>
  <testcase name="testTextifyCorrect" classname="edu.westga.cs3211.hi_low_game.test.view.guess_report_textifier.TestTextifyGuessReport" time="0"/>
  <testcase name="testTextifyGuessLimitReached" classname="edu.westga.cs3211.hi_low_game.test.view.guess_report_textifier.TestTextifyGuessReport" time="0"/>
</testsuite>